[2025-09-06T08:52:48.333+0000] {local_task_job_runner.py:120} INFO - ::group::Pre task execution logs
[2025-09-06T08:52:48.377+0000] {taskinstance.py:2076} INFO - Dependencies all met for dep_context=non-requeueable deps ti=<TaskInstance: dbt_transformations.install_dbt manual__2025-09-06T08:52:47.583083+00:00 [queued]>
[2025-09-06T08:52:48.385+0000] {taskinstance.py:2076} INFO - Dependencies all met for dep_context=requeueable deps ti=<TaskInstance: dbt_transformations.install_dbt manual__2025-09-06T08:52:47.583083+00:00 [queued]>
[2025-09-06T08:52:48.386+0000] {taskinstance.py:2306} INFO - Starting attempt 1 of 1
[2025-09-06T08:52:48.397+0000] {taskinstance.py:2330} INFO - Executing <Task(BashOperator): install_dbt> on 2025-09-06 08:52:47.583083+00:00
[2025-09-06T08:52:48.407+0000] {standard_task_runner.py:90} INFO - Running: ['***', 'tasks', 'run', 'dbt_transformations', 'install_dbt', 'manual__2025-09-06T08:52:47.583083+00:00', '--job-id', '28', '--raw', '--subdir', 'DAGS_FOLDER/dbt_transformations.py', '--cfg-path', '/tmp/tmpaqcc3m6y']
[2025-09-06T08:52:48.414+0000] {standard_task_runner.py:91} INFO - Job 28: Subtask install_dbt
[2025-09-06T08:52:48.413+0000] {logging_mixin.py:188} WARNING - /home/***/.local/lib/python3.12/site-packages/***/task/task_runner/standard_task_runner.py:62 DeprecationWarning: This process (pid=205) is multi-threaded, use of fork() may lead to deadlocks in the child.
[2025-09-06T08:52:48.416+0000] {standard_task_runner.py:64} INFO - Started process 206 to run task
[2025-09-06T08:52:48.481+0000] {task_command.py:426} INFO - Running <TaskInstance: dbt_transformations.install_dbt manual__2025-09-06T08:52:47.583083+00:00 [running]> on host 2f81a8375289
[2025-09-06T08:52:48.592+0000] {taskinstance.py:2648} INFO - Exporting env vars: AIRFLOW_CTX_DAG_OWNER='***' AIRFLOW_CTX_DAG_ID='dbt_transformations' AIRFLOW_CTX_TASK_ID='install_dbt' AIRFLOW_CTX_EXECUTION_DATE='2025-09-06T08:52:47.583083+00:00' AIRFLOW_CTX_TRY_NUMBER='1' AIRFLOW_CTX_DAG_RUN_ID='manual__2025-09-06T08:52:47.583083+00:00'
[2025-09-06T08:52:48.593+0000] {taskinstance.py:430} INFO - ::endgroup::
[2025-09-06T08:52:48.613+0000] {subprocess.py:63} INFO - Tmp dir root location: /tmp
[2025-09-06T08:52:48.615+0000] {subprocess.py:75} INFO - Running command: ['/usr/bin/bash', '-c', 'export PATH="$PATH:/home/***/.local/bin" && python -m pip install --user "dbt-postgres==1.8.7"']
[2025-09-06T08:52:48.623+0000] {subprocess.py:86} INFO - Output:
[2025-09-06T08:52:50.399+0000] {subprocess.py:93} INFO - 
[2025-09-06T08:52:50.399+0000] {subprocess.py:93} INFO - [notice] A new release of pip is available: 24.2 -> 25.2
[2025-09-06T08:52:50.400+0000] {subprocess.py:93} INFO - [notice] To update, run: pip install --upgrade pip
[2025-09-06T08:52:50.400+0000] {subprocess.py:93} INFO - ERROR: Can not perform a '--user' install. User site-packages are not visible in this virtualenv.
[2025-09-06T08:52:50.442+0000] {subprocess.py:97} INFO - Command exited with return code 1
[2025-09-06T08:52:50.442+0000] {taskinstance.py:441} INFO - ::group::Post task execution logs
[2025-09-06T08:52:50.450+0000] {taskinstance.py:2905} ERROR - Task failed with exception
Traceback (most recent call last):
  File "/home/airflow/.local/lib/python3.12/site-packages/airflow/models/taskinstance.py", line 465, in _execute_task
    result = _execute_callable(context=context, **execute_callable_kwargs)
             ^^^^^^^^^^^^^^^^^^^^^^^^^^^^^^^^^^^^^^^^^^^^^^^^^^^^^^^^^^^^^
  File "/home/airflow/.local/lib/python3.12/site-packages/airflow/models/taskinstance.py", line 432, in _execute_callable
    return execute_callable(context=context, **execute_callable_kwargs)
           ^^^^^^^^^^^^^^^^^^^^^^^^^^^^^^^^^^^^^^^^^^^^^^^^^^^^^^^^^^^^
  File "/home/airflow/.local/lib/python3.12/site-packages/airflow/models/baseoperator.py", line 401, in wrapper
    return func(self, *args, **kwargs)
           ^^^^^^^^^^^^^^^^^^^^^^^^^^^
  File "/home/airflow/.local/lib/python3.12/site-packages/airflow/operators/bash.py", line 243, in execute
    raise AirflowException(
airflow.exceptions.AirflowException: Bash command failed. The command returned a non-zero exit code 1.
[2025-09-06T08:52:50.454+0000] {taskinstance.py:1206} INFO - Marking task as FAILED. dag_id=dbt_transformations, task_id=install_dbt, run_id=manual__2025-09-06T08:52:47.583083+00:00, execution_date=20250906T085247, start_date=20250906T085248, end_date=20250906T085250
[2025-09-06T08:52:50.465+0000] {standard_task_runner.py:110} ERROR - Failed to execute job 28 for task install_dbt (Bash command failed. The command returned a non-zero exit code 1.; 206)
[2025-09-06T08:52:50.488+0000] {local_task_job_runner.py:243} INFO - Task exited with return code 1
[2025-09-06T08:52:50.503+0000] {taskinstance.py:3503} INFO - 0 downstream tasks scheduled from follow-on schedule check
[2025-09-06T08:52:50.505+0000] {local_task_job_runner.py:222} INFO - ::endgroup::
